<?xml version="1.0" encoding="UTF-8" ?>
<testsuite tests="1" failures="1" name="stepDefinitions.TestRunner" time="108.291" errors="0" skipped="0">
  <properties>
[...]
</properties>
  <testcase classname="features to test add positive entry" name="Add Positive Entry Functionality" time="108.291">
    <failure message="timeout" type="junit.framework.AssertionFailedError">junit.framework.AssertionFailedError: timeout
	at junit.framework.Assert.fail(Assert.java:57)
	at junit.framework.TestCase.fail(TestCase.java:223)
	at util.utilFunctions.waitAndClickXpath(utilFunctions.java:20)
	at pageFactory.PositiveNegativeListPage_PF.clickOnRiskManagementTab(PositiveNegativeListPage_PF.java:38)
	at stepDefinitions.positiveEntrySteps.click_on_risk_management(positiveEntrySteps.java:35)
	at ✽.click on Risk Management(file:///C:/Users/GUNTAS/IdeaProjects/VtCustomerProj/src/test/resources/Features/Riskmanagement/Configurations/PositiveList/addPositiveEnrty.feature:10)
</failure>
    <system-out>
@positiveScenario
Scenario Outline: Add Positive Entry Functionality                          # src/test/resources/Features/Riskmanagement/Configurations/PositiveList/addPositiveEnrty.feature:22
=========VtLoginSteps_PF===========
  Given vt user on login page                                               # stepDefinitions.VtLoginSteps_PF.vt_user_on_login_page()
  When vt user is enter vesta_integration@trustvesta.com and !@#asdfASDF123 # stepDefinitions.VtLoginSteps_PF.vt_user_is_enter_user1_and_password1(java.lang.String,java.lang.String)
  And click on vt login button                                              # stepDefinitions.VtLoginSteps_PF.click_on_vt_login_button()
=========positiveEntrySteps===========
Title:....Welcome To Vesta
  When user on dashboard page                                               # stepDefinitions.positiveEntrySteps.user_on_dashboard_page()
  And click on Risk Management                                              # stepDefinitions.positiveEntrySteps.click_on_risk_management()
      junit.framework.AssertionFailedError: timeout
	at junit.framework.Assert.fail(Assert.java:57)
	at junit.framework.TestCase.fail(TestCase.java:223)
	at util.utilFunctions.waitAndClickXpath(utilFunctions.java:20)
	at pageFactory.PositiveNegativeListPage_PF.clickOnRiskManagementTab(PositiveNegativeListPage_PF.java:38)
	at stepDefinitions.positiveEntrySteps.click_on_risk_management(positiveEntrySteps.java:35)
	at ✽.click on Risk Management(file:///C:/Users/GUNTAS/IdeaProjects/VtCustomerProj/src/test/resources/Features/Riskmanagement/Configurations/PositiveList/addPositiveEnrty.feature:10)

  And click on configurations                                               # stepDefinitions.positiveEntrySteps.click_on_configurations()
  And click on Positive Negative List                                       # stepDefinitions.positiveEntrySteps.click_on_positive_negative_list()
  When user on Configurations Page                                          # stepDefinitions.positiveEntrySteps.user_on_configurations_page()
  And click on Add Positive Entry                                           # stepDefinitions.positiveEntrySteps.click_on_add_positive_entry()
  When open Add New Entry Form                                              # null
  And user Fill Add New Entry Form                                          # stepDefinitions.positiveEntrySteps.user_fill_add_new_entry_form()
  And click on Add New Entry Create Button                                  # stepDefinitions.positiveEntrySteps.click_on_add_new_entry_create_button()
  Then user is navigated to Configurations page                             # stepDefinitions.positiveEntrySteps.user_is_navigated_to_configurations_page()
</system-out>
    <system-err>[main] INFO io.github.bonigarcia.wdm.WebDriverManager - Using chromedriver 92.0.4515.107 (resolved driver for Chrome 92)
[main] INFO io.github.bonigarcia.wdm.WebDriverManager - Exporting webdriver.chrome.driver as C:\Users\GUNTAS\.cache\selenium\chromedriver\win32\92.0.4515.107\chromedriver.exe
Starting ChromeDriver 92.0.4515.107 (87a818b10553a07434ea9e2b6dccf3cbe7895134-refs/branch-heads/4515@{#1634}) on port 26096
Only local connections are allowed.
Please see https://chromedriver.chromium.org/security-considerations for suggestions on keeping ChromeDriver safe.
ChromeDriver was started successfully.
Aug 22, 2021 11:27:30 PM org.openqa.selenium.remote.ProtocolHandshake createSession
INFO: Detected dialect: W3C
</system-err>
  </testcase>
</testsuite>